<?xml version="1.0" encoding="UTF-8"?>
<testng-results ignored="0" total="1" passed="1" failed="0" skipped="0">
  <reporter-output>
  </reporter-output>
  <suite started-at="2022-01-23T10:11:50Z" name="Suite" finished-at="2022-01-23T10:12:02Z" duration-ms="11893">
    <groups>
    </groups>
    <test started-at="2022-01-23T10:11:50Z" name="Test" finished-at="2022-01-23T10:12:02Z" duration-ms="11893">
      <class name="DemoCICDAPITest.DemoCICDAPITest.APITest">
        <test-method signature="APITest()[pri:0, instance:DemoCICDAPITest.DemoCICDAPITest.APITest@5f20155b]" started-at="2022-01-23T10:11:50Z" name="APITest" finished-at="2022-01-23T10:12:02Z" duration-ms="11874" status="PASS">
          <reporter-output>
          </reporter-output>
        </test-method> <!-- APITest -->
      </class> <!-- DemoCICDAPITest.DemoCICDAPITest.APITest -->
    </test> <!-- Test -->
  </suite> <!-- Suite -->
</testng-results>
